<?xml version="1.0" encoding="UTF-8"?>
<!-- Generated by org.testng.reporters.JUnitXMLReporter -->
<testsuite ignored="6" hostname="VA-YRodpjoEjC7Z" failures="0" tests="8" name="Cart Tests" time="566.832" errors="0" timestamp="2025-12-30T11:30:05 NPT">
  <testcase classname="com.amazon.automation.tests.cart.AddToCartTest" name="verifyMultipleCartDetailsFromPDP" time="90.51"/>
  <testcase classname="com.amazon.automation.tests.cart.AddToCartTest" name="verifyMultipleCartDetailsFromProductListings" time="30.853"/>
  <testcase classname="com.amazon.automation.tests.cart.UpdateQuantityTest" name="verifyIncrementDecrementButtons" time="58.259"/>
  <testcase classname="com.amazon.automation.tests.cart.UpdateQuantityTest" name="verifyUpdateMultipleItemQuantities" time="76.913"/>
  <testcase classname="com.amazon.automation.tests.cart.UpdateQuantityTest" name="verifyUpdateSingleItemQuantity" time="78.672"/>
  <testcase classname="com.amazon.automation.tests.cart.RemoveItemTest" name="verifyRemoveAllItemsFromCart" time="94.246"/>
  <testcase classname="com.amazon.automation.tests.cart.RemoveItemTest" name="verifyRemoveSingleItemFromCart" time="93.7"/>
  <testcase classname="com.amazon.automation.tests.cart.OutOfStockTest" name="verifyOutOfStockVariationCannotBeAdded" time="20.549"/>
  <testcase classname="com.amazon.automation.tests.common.BaseTest" name="@BeforeSuite beforeSuite" time="0.0">
    <ignored/>
  </testcase> <!-- @BeforeSuite beforeSuite -->
  <testcase classname="com.amazon.automation.tests.common.BaseTest" name="@AfterSuite afterSuite" time="0.0">
    <ignored/>
  </testcase> <!-- @AfterSuite afterSuite -->
  <testcase classname="com.amazon.automation.tests.common.BaseTest" name="@AfterSuite afterSuite" time="0.0">
    <ignored/>
  </testcase> <!-- @AfterSuite afterSuite -->
  <testcase classname="com.amazon.automation.tests.common.BaseTest" name="@BeforeSuite beforeSuite" time="0.0">
    <ignored/>
  </testcase> <!-- @BeforeSuite beforeSuite -->
  <testcase classname="com.amazon.automation.tests.common.BaseTest" name="@BeforeSuite beforeSuite" time="0.0">
    <ignored/>
  </testcase> <!-- @BeforeSuite beforeSuite -->
  <testcase classname="com.amazon.automation.tests.common.BaseTest" name="@AfterSuite afterSuite" time="0.0">
    <ignored/>
  </testcase> <!-- @AfterSuite afterSuite -->
</testsuite> <!-- Cart Tests -->
