<?xml version="1.0" encoding="UTF-8"?>
<!-- Generated by org.testng.reporters.JUnitXMLReporter -->
<testsuite ignored="4" hostname="VA-YRodpjoEjC7Z" failures="0" tests="7" name="Filter Tests" time="214.534" errors="0" timestamp="2025-12-30T11:44:08 NPT">
  <testcase classname="com.amazon.automation.tests.filters.BrandTests" name="brandFilterPersistsOnRefresh" time="38.868"/>
  <testcase classname="com.amazon.automation.tests.filters.BrandTests" name="deselectBrandFilter" time="21.859"/>
  <testcase classname="com.amazon.automation.tests.filters.BrandTests" name="selectBrand" time="21.355"/>
  <testcase classname="com.amazon.automation.tests.filters.BrandTests" name="selectMultipleBrands" time="23.852"/>
  <testcase classname="com.amazon.automation.tests.filters.RatingsTest" name="verifyRatings" time="20.996"/>
  <testcase classname="com.amazon.automation.tests.filters.PriceTests" name="verifyPriceThroughCustomRanges" time="21.889"/>
  <testcase classname="com.amazon.automation.tests.filters.PriceTests" name="verifyPriceThroughSlider" time="25.28"/>
  <testcase classname="com.amazon.automation.tests.common.BaseTest" name="@BeforeSuite beforeSuite" time="0.0">
    <ignored/>
  </testcase> <!-- @BeforeSuite beforeSuite -->
  <testcase classname="com.amazon.automation.tests.common.BaseTest" name="@BeforeSuite beforeSuite" time="0.0">
    <ignored/>
  </testcase> <!-- @BeforeSuite beforeSuite -->
  <testcase classname="com.amazon.automation.tests.common.BaseTest" name="@AfterSuite afterSuite" time="0.0">
    <ignored/>
  </testcase> <!-- @AfterSuite afterSuite -->
  <testcase classname="com.amazon.automation.tests.common.BaseTest" name="@AfterSuite afterSuite" time="0.0">
    <ignored/>
  </testcase> <!-- @AfterSuite afterSuite -->
</testsuite> <!-- Filter Tests -->
