<?xml version="1.0" encoding="UTF-8"?>
<!-- Generated by org.testng.reporters.JUnitXMLReporter -->
<testsuite ignored="0" hostname="VA-YRodpjoEjC7Z" failures="0" tests="2" name="Navigation Tests" time="85.483" errors="0" timestamp="2025-12-30T11:41:59 NPT">
  <testcase classname="com.amazon.automation.tests.navigation.CategoryNavigationTests" name="verifyCategoryNavigationByIndex" time="35.96"/>
  <testcase classname="com.amazon.automation.tests.navigation.CategoryNavigationTests" name="verifyCategoryNavigationByVisibleText" time="37.068"/>
</testsuite> <!-- Navigation Tests -->
