<?xml version="1.0" encoding="UTF-8"?>
<!-- Generated by org.testng.reporters.JUnitXMLReporter -->
<testsuite ignored="4" hostname="VA-YRodpjoEjC7Z" failures="2" tests="11" name="Search Tests" time="253.431" errors="0" timestamp="2025-12-30T11:44:47 NPT">
  <testcase classname="com.amazon.automation.tests.search.SearchKeywordTests" name="searchAfterClearingPreviousInput" time="19.102"/>
  <testcase classname="com.amazon.automation.tests.search.SearchKeywordTests" name="searchWithExtraSpaces" time="19.291"/>
  <testcase classname="com.amazon.automation.tests.search.SearchKeywordTests" name="searchWithMixedCaseKeyword" time="20.349">
    <failure type="java.lang.AssertionError" message="At least one search result is needed expected [true] but found [false]">
      <![CDATA[java.lang.AssertionError: At least one search result is needed expected [true] but found [false]
at com.amazon.automation.tests.search.SearchKeywordTests.searchWithMixedCaseKeyword(SearchKeywordTests.java:36)
at java.base/java.util.ArrayList.forEach(ArrayList.java:1596)
at java.base/java.util.concurrent.FutureTask.run(FutureTask.java:317)
at java.base/java.util.concurrent.ThreadPoolExecutor.runWorker(ThreadPoolExecutor.java:1144)
at java.base/java.util.concurrent.ThreadPoolExecutor$Worker.run(ThreadPoolExecutor.java:642)
at java.base/java.lang.Thread.run(Thread.java:1583)
... Removed 18 stack frames]]>
    </failure>
  </testcase> <!-- searchWithMixedCaseKeyword -->
  <testcase classname="com.amazon.automation.tests.search.SearchKeywordTests" name="searchWithValidKeyword" time="18.445"/>
  <testcase classname="com.amazon.automation.tests.search.SearchNoResultsTests" name="searchWithInvalidKeywords" time="16.7"/>
  <testcase classname="com.amazon.automation.tests.search.SearchAutosuggestTests" name="NoSuggestionsForRandomInput" time="29.522"/>
  <testcase classname="com.amazon.automation.tests.search.SearchAutosuggestTests" name="clickInvalidSuggestionIndex" time="9.17"/>
  <testcase classname="com.amazon.automation.tests.search.SearchAutosuggestTests" name="suggestionsContainPartialText" time="9.276"/>
  <testcase classname="com.amazon.automation.tests.search.SearchAutosuggestTests" name="suggestionsDisappearAfterClearing" time="24.083"/>
  <testcase classname="com.amazon.automation.tests.search.SearchAutosuggestTests" name="suggestionsUpdateOnAdditionalTyping" time="7.862">
    <failure type="org.openqa.selenium.StaleElementReferenceException" message="stale element reference: stale element not found in the current frame
  (Session info: chrome=143.0.7499.170)
For documentation on this error, please visit: https://www.selenium.dev/documentation/webdriver/troubleshooting/errors#staleelementreferenceexception
Build info: version: &amp;apos;4.38.0&amp;apos;, revision: &amp;apos;6b412e825c*&amp;apos;
System info: os.name: &amp;apos;Windows 11&amp;apos;, os.arch: &amp;apos;amd64&amp;apos;, os.version: &amp;apos;10.0&amp;apos;, java.version: &amp;apos;21.0.8&amp;apos;
Driver info: org.openqa.selenium.chrome.ChromeDriver
Command: [79ffc9aad4c9235f84edde3098cf4784, getElementText {id=f.A17B590E058E87A2BF681DCE82147B36.d.FB8B0065EC1D8C4025D2857220BBE5E8.e.61}]
Capabilities {acceptInsecureCerts: false, browserName: chrome, browserVersion: 143.0.7499.170, chrome: {chromedriverVersion: 143.0.7499.169 (164b20aab62..., userDataDir: C:\Users\I1002681\AppData\L...}, fedcm:accounts: true, goog:chromeOptions: {debuggerAddress: localhost:62197}, goog:processID: 10436, networkConnectionEnabled: false, pageLoadStrategy: normal, platformName: windows, proxy: Proxy(), se:cdp: ws://localhost:62197/devtoo..., se:cdpVersion: 143.0.7499.170, setWindowRect: true, strictFileInteractability: false, timeouts: {implicit: 0, pageLoad: 300000, script: 30000}, unhandledPromptBehavior: dismiss and notify, webauthn:extension:credBlob: true, webauthn:extension:largeBlob: true, webauthn:extension:minPinLength: true, webauthn:extension:prf: true, webauthn:virtualAuthenticators: true}
Element: [[ChromeDriver: chrome on windows (79ffc9aad4c9235f84edde3098cf4784)] -&amp;gt; css selector: div.autocomplete-results-container div.s-suggestion]
Session ID: 79ffc9aad4c9235f84edde3098cf4784">
      <![CDATA[org.openqa.selenium.StaleElementReferenceException: stale element reference: stale element not found in the current frame
  (Session info: chrome=143.0.7499.170)
For documentation on this error, please visit: https://www.selenium.dev/documentation/webdriver/troubleshooting/errors#staleelementreferenceexception
Build info: version: '4.38.0', revision: '6b412e825c*'
System info: os.name: 'Windows 11', os.arch: 'amd64', os.version: '10.0', java.version: '21.0.8'
Driver info: org.openqa.selenium.chrome.ChromeDriver
Command: [79ffc9aad4c9235f84edde3098cf4784, getElementText {id=f.A17B590E058E87A2BF681DCE82147B36.d.FB8B0065EC1D8C4025D2857220BBE5E8.e.61}]
Capabilities {acceptInsecureCerts: false, browserName: chrome, browserVersion: 143.0.7499.170, chrome: {chromedriverVersion: 143.0.7499.169 (164b20aab62..., userDataDir: C:\Users\I1002681\AppData\L...}, fedcm:accounts: true, goog:chromeOptions: {debuggerAddress: localhost:62197}, goog:processID: 10436, networkConnectionEnabled: false, pageLoadStrategy: normal, platformName: windows, proxy: Proxy(), se:cdp: ws://localhost:62197/devtoo..., se:cdpVersion: 143.0.7499.170, setWindowRect: true, strictFileInteractability: false, timeouts: {implicit: 0, pageLoad: 300000, script: 30000}, unhandledPromptBehavior: dismiss and notify, webauthn:extension:credBlob: true, webauthn:extension:largeBlob: true, webauthn:extension:minPinLength: true, webauthn:extension:prf: true, webauthn:virtualAuthenticators: true}
Element: [[ChromeDriver: chrome on windows (79ffc9aad4c9235f84edde3098cf4784)] -> css selector: div.autocomplete-results-container div.s-suggestion]
Session ID: 79ffc9aad4c9235f84edde3098cf4784
at org.openqa.selenium.remote.ErrorCodec.decode(ErrorCodec.java:167)
at org.openqa.selenium.remote.codec.w3c.W3CHttpResponseCodec.decode(W3CHttpResponseCodec.java:138)
at org.openqa.selenium.remote.codec.w3c.W3CHttpResponseCodec.decode(W3CHttpResponseCodec.java:50)
at org.openqa.selenium.remote.HttpCommandExecutor.execute(HttpCommandExecutor.java:215)
at org.openqa.selenium.remote.service.DriverCommandExecutor.invokeExecute(DriverCommandExecutor.java:216)
at org.openqa.selenium.remote.service.DriverCommandExecutor.execute(DriverCommandExecutor.java:174)
at org.openqa.selenium.remote.RemoteWebDriver.execute(RemoteWebDriver.java:557)
at org.openqa.selenium.remote.RemoteWebElement.execute(RemoteWebElement.java:223)
at org.openqa.selenium.remote.RemoteWebElement.getText(RemoteWebElement.java:191)
at com.amazon.automation.components.SearchBarComponent.getSuggestionText(SearchBarComponent.java:55)
at com.amazon.automation.tests.search.SearchAutosuggestTests.suggestionsUpdateOnAdditionalTyping(SearchAutosuggestTests.java:59)
at java.base/java.util.ArrayList.forEach(ArrayList.java:1596)
at java.base/java.util.concurrent.FutureTask.run(FutureTask.java:317)
at java.base/java.util.concurrent.ThreadPoolExecutor.runWorker(ThreadPoolExecutor.java:1144)
at java.base/java.util.concurrent.ThreadPoolExecutor$Worker.run(ThreadPoolExecutor.java:642)
at java.base/java.lang.Thread.run(Thread.java:1583)
... Removed 18 stack frames]]>
    </failure>
  </testcase> <!-- suggestionsUpdateOnAdditionalTyping -->
  <testcase classname="com.amazon.automation.tests.search.SearchAutosuggestTests" name="visibilityOfSuggestions" time="23.338"/>
  <testcase classname="com.amazon.automation.tests.common.BaseTest" name="@BeforeSuite beforeSuite" time="0.0">
    <ignored/>
  </testcase> <!-- @BeforeSuite beforeSuite -->
  <testcase classname="com.amazon.automation.tests.common.BaseTest" name="@AfterSuite afterSuite" time="0.0">
    <ignored/>
  </testcase> <!-- @AfterSuite afterSuite -->
  <testcase classname="com.amazon.automation.tests.common.BaseTest" name="@AfterSuite afterSuite" time="0.0">
    <ignored/>
  </testcase> <!-- @AfterSuite afterSuite -->
  <testcase classname="com.amazon.automation.tests.common.BaseTest" name="@BeforeSuite beforeSuite" time="0.0">
    <ignored/>
  </testcase> <!-- @BeforeSuite beforeSuite -->
</testsuite> <!-- Search Tests -->
