<?xml version="1.0" encoding="UTF-8"?>
<!-- Generated by org.testng.reporters.JUnitXMLReporter -->
<testsuite ignored="2" hostname="VA-YRodpjoEjC7Z" failures="0" tests="3" name="Sort and Pagination Tests" time="73.357" errors="0" timestamp="2025-12-30T11:41:47 NPT">
  <testcase classname="com.amazon.automation.tests.sorts.SortTests" name="verifyPriceHighToLowSorting" time="19.428"/>
  <testcase classname="com.amazon.automation.tests.sorts.SortTests" name="verifyPriceLowToHighSorting" time="16.148"/>
  <testcase classname="com.amazon.automation.tests.pagination.PaginationTests" name="verifyPagination" time="18.357"/>
  <testcase classname="com.amazon.automation.tests.common.BaseTest" name="@BeforeSuite beforeSuite" time="0.0">
    <ignored/>
  </testcase> <!-- @BeforeSuite beforeSuite -->
  <testcase classname="com.amazon.automation.tests.common.BaseTest" name="@AfterSuite afterSuite" time="0.0">
    <ignored/>
  </testcase> <!-- @AfterSuite afterSuite -->
</testsuite> <!-- Sort and Pagination Tests -->
