<?xml version="1.0" encoding="UTF-8"?>
<!-- Generated by org.testng.reporters.JUnitXMLReporter -->
<testsuite ignored="1" hostname="VA-YRodpjoEjC7Z" failures="0" tests="1" name="Default test" time="78.365" errors="0" timestamp="2025-12-29T17:55:06 NPT">
  <testcase classname="com.amazon.automation.tests.cart.RemoveItemTest" name="verifyRemoveAllItemsFromCart" time="75.614"/>
  <testcase classname="com.amazon.automation.tests.cart.RemoveItemTest" name="verifyRemoveSingleItemFromCart" time="0.0">
    <ignored/>
  </testcase> <!-- verifyRemoveSingleItemFromCart -->
</testsuite> <!-- Default test -->
