<?xml version="1.0" encoding="UTF-8"?>
<!-- Generated by org.testng.reporters.JUnitXMLReporter -->
<testsuite ignored="2" hostname="VA-YRodpjoEjC7Z" failures="0" tests="1" name="Default test" time="59.189" errors="0" timestamp="2025-12-29T16:29:02 NPT">
  <testcase classname="com.amazon.automation.tests.cart.UpdateQuantityTest" name="verifyIncrementDecrementButtons" time="55.421"/>
  <testcase classname="com.amazon.automation.tests.cart.UpdateQuantityTest" name="verifyUpdateMultipleItemQuantities" time="0.0">
    <ignored/>
  </testcase> <!-- verifyUpdateMultipleItemQuantities -->
  <testcase classname="com.amazon.automation.tests.cart.UpdateQuantityTest" name="verifyUpdateSingleItemQuantity" time="0.0">
    <ignored/>
  </testcase> <!-- verifyUpdateSingleItemQuantity -->
</testsuite> <!-- Default test -->
