<?xml version="1.0" encoding="UTF-8"?>
<testng-results ignored="1" total="2" passed="1" failed="0" skipped="0">
  <reporter-output>
  </reporter-output>
  <suite started-at="2025-12-29T17:53:47 NPT" name="Default suite" finished-at="2025-12-29T17:55:06 NPT" duration-ms="78365">
    <groups>
    </groups>
    <test started-at="2025-12-29T17:53:47 NPT" name="Default test" finished-at="2025-12-29T17:55:06 NPT" duration-ms="78365">
      <class name="com.amazon.automation.tests.cart.RemoveItemTest">
        <test-method is-config="true" signature="beforeSuite()[pri:0, instance:com.amazon.automation.tests.cart.RemoveItemTest@9d5509a]" started-at="2025-12-29T17:53:47 NPT" name="beforeSuite" finished-at="2025-12-29T17:53:47 NPT" duration-ms="511" status="PASS">
          <reporter-output>
          </reporter-output>
        </test-method> <!-- beforeSuite -->
        <test-method is-config="true" signature="setUp()[pri:0, instance:com.amazon.automation.tests.cart.RemoveItemTest@9d5509a]" started-at="2025-12-29T17:53:47 NPT" name="setUp" finished-at="2025-12-29T17:53:50 NPT" duration-ms="2159" status="PASS">
          <reporter-output>
          </reporter-output>
        </test-method> <!-- setUp -->
        <test-method signature="verifyRemoveAllItemsFromCart()[pri:0, instance:com.amazon.automation.tests.cart.RemoveItemTest@9d5509a]" started-at="2025-12-29T17:53:50 NPT" name="verifyRemoveAllItemsFromCart" finished-at="2025-12-29T17:55:05 NPT" duration-ms="75614" status="PASS">
          <reporter-output>
          </reporter-output>
        </test-method> <!-- verifyRemoveAllItemsFromCart -->
        <test-method is-config="true" signature="tearDown()[pri:0, instance:com.amazon.automation.tests.cart.RemoveItemTest@9d5509a]" started-at="2025-12-29T17:55:05 NPT" name="tearDown" finished-at="2025-12-29T17:55:06 NPT" duration-ms="564" status="PASS">
          <reporter-output>
          </reporter-output>
        </test-method> <!-- tearDown -->
        <test-method is-config="true" signature="afterSuite()[pri:0, instance:com.amazon.automation.tests.cart.RemoveItemTest@9d5509a]" started-at="2025-12-29T17:55:06 NPT" name="afterSuite" finished-at="2025-12-29T17:55:06 NPT" duration-ms="1" status="PASS">
          <reporter-output>
          </reporter-output>
        </test-method> <!-- afterSuite -->
      </class> <!-- com.amazon.automation.tests.cart.RemoveItemTest -->
    </test> <!-- Default test -->
  </suite> <!-- Default suite -->
</testng-results>
