<?xml version="1.0" encoding="UTF-8"?>
<testng-results ignored="2" total="3" passed="1" failed="0" skipped="0">
  <reporter-output>
  </reporter-output>
  <suite started-at="2025-12-29T16:28:03 NPT" name="Default suite" finished-at="2025-12-29T16:29:02 NPT" duration-ms="59189">
    <groups>
    </groups>
    <test started-at="2025-12-29T16:28:03 NPT" name="Default test" finished-at="2025-12-29T16:29:02 NPT" duration-ms="59189">
      <class name="com.amazon.automation.tests.cart.UpdateQuantityTest">
        <test-method is-config="true" signature="beforeSuite()[pri:0, instance:com.amazon.automation.tests.cart.UpdateQuantityTest@179ece50]" started-at="2025-12-29T16:28:02 NPT" name="beforeSuite" finished-at="2025-12-29T16:28:03 NPT" duration-ms="677" status="PASS">
          <reporter-output>
          </reporter-output>
        </test-method> <!-- beforeSuite -->
        <test-method is-config="true" signature="setUp()[pri:0, instance:com.amazon.automation.tests.cart.UpdateQuantityTest@179ece50]" started-at="2025-12-29T16:28:03 NPT" name="setUp" finished-at="2025-12-29T16:28:06 NPT" duration-ms="3246" status="PASS">
          <reporter-output>
          </reporter-output>
        </test-method> <!-- setUp -->
        <test-method signature="verifyIncrementDecrementButtons()[pri:0, instance:com.amazon.automation.tests.cart.UpdateQuantityTest@179ece50]" started-at="2025-12-29T16:28:06 NPT" name="verifyIncrementDecrementButtons" finished-at="2025-12-29T16:29:01 NPT" duration-ms="55421" status="PASS">
          <reporter-output>
          </reporter-output>
        </test-method> <!-- verifyIncrementDecrementButtons -->
        <test-method is-config="true" signature="tearDown()[pri:0, instance:com.amazon.automation.tests.cart.UpdateQuantityTest@179ece50]" started-at="2025-12-29T16:29:01 NPT" name="tearDown" finished-at="2025-12-29T16:29:02 NPT" duration-ms="475" status="PASS">
          <reporter-output>
          </reporter-output>
        </test-method> <!-- tearDown -->
        <test-method is-config="true" signature="afterSuite()[pri:0, instance:com.amazon.automation.tests.cart.UpdateQuantityTest@179ece50]" started-at="2025-12-29T16:29:02 NPT" name="afterSuite" finished-at="2025-12-29T16:29:02 NPT" duration-ms="1" status="PASS">
          <reporter-output>
          </reporter-output>
        </test-method> <!-- afterSuite -->
      </class> <!-- com.amazon.automation.tests.cart.UpdateQuantityTest -->
    </test> <!-- Default test -->
  </suite> <!-- Default suite -->
</testng-results>
