<?xml version="1.0" encoding="UTF-8"?>
<!-- Generated by org.testng.reporters.JUnitReportReporter -->
<testsuite hostname="VA-YRodpjoEjC7Z" failures="0" tests="2" name="com.amazon.automation.tests.filters.PriceTests" time="64.455" errors="0" timestamp="2025-12-30T11:30:05 NPT" skipped="0">
  <testcase classname="com.amazon.automation.tests.filters.PriceTests" name="verifyPriceThroughCustomRanges" time="28.407"/>
  <testcase classname="com.amazon.automation.tests.filters.PriceTests" name="verifyPriceThroughSlider" time="36.048"/>
</testsuite> <!-- com.amazon.automation.tests.filters.PriceTests -->
