<?xml version="1.0" encoding="UTF-8"?>
<!-- Generated by org.testng.reporters.JUnitReportReporter -->
<testsuite hostname="VA-YRodpjoEjC7Z" failures="0" tests="1" name="com.amazon.automation.tests.search.SearchNoResultsTests" time="14.240" errors="0" timestamp="2025-12-30T12:42:41 NPT" skipped="0">
  <testcase classname="com.amazon.automation.tests.search.SearchNoResultsTests" name="searchWithInvalidKeywords" time="14.240"/>
</testsuite> <!-- com.amazon.automation.tests.search.SearchNoResultsTests -->
