<?xml version="1.0" encoding="UTF-8"?>
<!-- Generated by org.testng.reporters.JUnitReportReporter -->
<testsuite hostname="VA-YRodpjoEjC7Z" failures="0" tests="2" name="com.amazon.automation.tests.sorts.SortTests" time="54.405" errors="0" timestamp="2025-12-30T11:30:05 NPT" skipped="0">
  <testcase classname="com.amazon.automation.tests.sorts.SortTests" name="verifyPriceLowToHighSorting" time="27.196"/>
  <testcase classname="com.amazon.automation.tests.sorts.SortTests" name="verifyPriceHighToLowSorting" time="27.209"/>
</testsuite> <!-- com.amazon.automation.tests.sorts.SortTests -->
