<?xml version="1.0" encoding="UTF-8"?>
<!-- Generated by org.testng.reporters.JUnitReportReporter -->
<testsuite hostname="VA-YRodpjoEjC7Z" failures="0" tests="2" name="com.amazon.automation.tests.sorts.SortTests" time="44.555" errors="0" timestamp="2025-12-26T18:32:41 NPT" skipped="0">
  <testcase classname="com.amazon.automation.tests.sorts.SortTests" name="verifyPriceLowToHighSorting" time="18.819"/>
  <testcase classname="com.amazon.automation.tests.sorts.SortTests" name="verifyPriceHighToLowSorting" time="25.736"/>
</testsuite> <!-- com.amazon.automation.tests.sorts.SortTests -->
