<?xml version="1.0" encoding="UTF-8"?>
<!-- Generated by org.testng.reporters.JUnitReportReporter -->
<testsuite hostname="VA-YRodpjoEjC7Z" failures="0" tests="3" name="com.amazon.automation.tests.cart.UpdateQuantityTest" time="221.203" errors="0" timestamp="2025-12-30T11:30:05 NPT" skipped="0">
  <testcase classname="com.amazon.automation.tests.cart.UpdateQuantityTest" name="verifyIncrementDecrementButtons" time="60.517"/>
  <testcase classname="com.amazon.automation.tests.cart.UpdateQuantityTest" name="verifyUpdateSingleItemQuantity" time="80.748"/>
  <testcase classname="com.amazon.automation.tests.cart.UpdateQuantityTest" name="verifyUpdateMultipleItemQuantities" time="79.938"/>
</testsuite> <!-- com.amazon.automation.tests.cart.UpdateQuantityTest -->
