<?xml version="1.0" encoding="UTF-8"?>
<!-- Generated by org.testng.reporters.JUnitReportReporter -->
<testsuite hostname="VA-YRodpjoEjC7Z" failures="0" tests="1" name="com.amazon.automation.tests.cart.UpdateQuantityTest" time="59.142" errors="0" timestamp="2025-12-29T16:29:02 NPT" skipped="0">
  <testcase classname="com.amazon.automation.tests.cart.UpdateQuantityTest" name="verifyIncrementDecrementButtons" time="59.142"/>
</testsuite> <!-- com.amazon.automation.tests.cart.UpdateQuantityTest -->
