<?xml version="1.0" encoding="UTF-8"?>
<!-- Generated by org.testng.reporters.JUnitReportReporter -->
<testsuite hostname="VA-YRodpjoEjC7Z" failures="0" tests="1" name="com.amazon.automation.tests.navigation.CategoryNavigationTests" time="24.652" errors="0" timestamp="2025-12-29T14:16:25 NPT" skipped="0">
  <testcase classname="com.amazon.automation.tests.navigation.CategoryNavigationTests" name="verifyCategoryNavigationByVisibleText" time="24.652"/>
</testsuite> <!-- com.amazon.automation.tests.navigation.CategoryNavigationTests -->
