<?xml version="1.0" encoding="UTF-8"?>
<!-- Generated by org.testng.reporters.JUnitReportReporter -->
<testsuite hostname="VA-YRodpjoEjC7Z" failures="0" tests="4" name="com.amazon.automation.tests.filters.BrandTests" time="129.641" errors="0" timestamp="2025-12-30T11:30:05 NPT" skipped="0">
  <testcase classname="com.amazon.automation.tests.filters.BrandTests" name="brandFilterPersistsOnRefresh" time="45.590"/>
  <testcase classname="com.amazon.automation.tests.filters.BrandTests" name="selectBrand" time="25.973"/>
  <testcase classname="com.amazon.automation.tests.filters.BrandTests" name="deselectBrandFilter" time="30.576"/>
  <testcase classname="com.amazon.automation.tests.filters.BrandTests" name="selectMultipleBrands" time="27.502"/>
</testsuite> <!-- com.amazon.automation.tests.filters.BrandTests -->
