<?xml version="1.0" encoding="UTF-8"?>
<!-- Generated by org.testng.reporters.JUnitReportReporter -->
<testsuite hostname="VA-YRodpjoEjC7Z" failures="0" tests="2" name="com.amazon.automation.tests.cart.RemoveItemTest" time="192.095" errors="0" timestamp="2025-12-30T11:30:05 NPT" skipped="0">
  <testcase classname="com.amazon.automation.tests.cart.RemoveItemTest" name="verifyRemoveSingleItemFromCart" time="95.711"/>
  <testcase classname="com.amazon.automation.tests.cart.RemoveItemTest" name="verifyRemoveAllItemsFromCart" time="96.384"/>
</testsuite> <!-- com.amazon.automation.tests.cart.RemoveItemTest -->
