<?xml version="1.0" encoding="UTF-8"?>
<!-- Generated by org.testng.reporters.JUnitReportReporter -->
<testsuite hostname="VA-YRodpjoEjC7Z" failures="0" tests="1" name="com.amazon.automation.tests.search.SearchKeywordTests" time="18.783" errors="0" timestamp="2025-12-27T13:01:27 NPT" skipped="0">
  <testcase classname="com.amazon.automation.tests.search.SearchKeywordTests" name="searchAfterClearingPreviousInput" time="18.783"/>
</testsuite> <!-- com.amazon.automation.tests.search.SearchKeywordTests -->
