<?xml version="1.0" encoding="UTF-8"?>
<!-- Generated by org.testng.reporters.JUnitReportReporter -->
<testsuite hostname="VA-YRodpjoEjC7Z" failures="0" tests="1" name="com.amazon.automation.tests.search.SearchAutosuggestTests" time="19.236" errors="0" timestamp="2025-12-29T14:31:54 NPT" skipped="0">
  <testcase classname="com.amazon.automation.tests.search.SearchAutosuggestTests" name="visibilityOfSuggestions" time="19.236"/>
</testsuite> <!-- com.amazon.automation.tests.search.SearchAutosuggestTests -->
